<?xml version="1.0" encoding="UTF-8"?>
<testng-results ignored="0" total="1" passed="1" failed="0" skipped="0">
  <reporter-output>
  </reporter-output>
  <suite started-at="2023-07-03T15:43:49 MSK" name="Surefire suite" finished-at="2023-07-03T15:44:01 MSK" duration-ms="12429">
    <groups>
    </groups>
    <test started-at="2023-07-03T15:43:49 MSK" name="Surefire test" finished-at="2023-07-03T15:44:01 MSK" duration-ms="12429">
      <class name="YandexTest">
        <test-method signature="YandexO()[pri:0, instance:YandexTest@62bd765]" started-at="2023-07-03T15:43:49 MSK" name="YandexO" finished-at="2023-07-03T15:44:01 MSK" duration-ms="12408" status="PASS">
          <reporter-output>
          </reporter-output>
        </test-method> <!-- YandexO -->
      </class> <!-- YandexTest -->
    </test> <!-- Surefire test -->
  </suite> <!-- Surefire suite -->
</testng-results>
